# JRE version: OpenJDK Runtime Environment (11.0.10) (build 11.0.10+0-b96-7249189)
# Java VM: OpenJDK 64-Bit Server VM (11.0.10+0-b96-7249189, mixed mode, tiered, compressed oops, g1 gc, windows-amd64)
Heap:
 garbage-first heap   total 541696K, used 159010K [0x0000000080000000, 0x0000000100000000)
  region size 1024K, 25 young (25600K), 25 survivors (25600K)
 Metaspace       used 99731K, capacity 102486K, committed 102604K, reserved 1138688K
  class space    used 12920K, capacity 13923K, committed 14028K, reserved 1048576K
GC Heap History (20 events):
Event: 17.932 GC heap after
{Heap after GC invocations=40 (full 0):
 garbage-first heap   total 319488K, used 133084K [0x0000000080000000, 0x0000000100000000)
  region size 1024K, 6 young (6144K), 6 survivors (6144K)
 Metaspace       used 97517K, capacity 100132K, committed 100300K, reserved 1136640K
  class space    used 12704K, capacity 13665K, committed 13772K, reserved 1048576K
}
Event: 18.183 GC heap before
{Heap before GC invocations=40 (full 0):
 garbage-first heap   total 319488K, used 269276K [0x0000000080000000, 0x0000000100000000)
  region size 1024K, 139 young (142336K), 6 survivors (6144K)
 Metaspace       used 97665K, capacity 100250K, committed 100556K, reserved 1136640K
  class space    used 12709K, capacity 13673K, committed 13772K, reserved 1048576K
}
Event: 18.193 GC heap after
{Heap after GC invocations=41 (full 0):
 garbage-first heap   total 319488K, used 136647K [0x0000000080000000, 0x0000000100000000)
  region size 1024K, 9 young (9216K), 9 survivors (9216K)
 Metaspace       used 97665K, capacity 100250K, committed 100556K, reserved 1136640K
  class space    used 12709K, capacity 13673K, committed 13772K, reserved 1048576K
}
Event: 18.459 GC heap before
{Heap before GC invocations=41 (full 0):
 garbage-first heap   total 319488K, used 264647K [0x0000000080000000, 0x0000000100000000)
  region size 1024K, 135 young (138240K), 9 survivors (9216K)
 Metaspace       used 97727K, capacity 100319K, committed 100556K, reserved 1136640K
  class space    used 12709K, capacity 13673K, committed 13772K, reserved 1048576K
}
Event: 18.471 GC heap after
{Heap after GC invocations=42 (full 0):
 garbage-first heap   total 384000K, used 136768K [0x0000000080000000, 0x0000000100000000)
  region size 1024K, 9 young (9216K), 9 survivors (9216K)
 Metaspace       used 97727K, capacity 100319K, committed 100556K, reserved 1136640K
  class space    used 12709K, capacity 13673K, committed 13772K, reserved 1048576K
}
Event: 18.843 GC heap before
{Heap before GC invocations=42 (full 0):
 garbage-first heap   total 384000K, used 323136K [0x0000000080000000, 0x0000000100000000)
  region size 1024K, 191 young (195584K), 9 survivors (9216K)
 Metaspace       used 97847K, capacity 100419K, committed 100556K, reserved 1136640K
  class space    used 12713K, capacity 13681K, committed 13772K, reserved 1048576K
}
Event: 18.854 GC heap after
{Heap after GC invocations=43 (full 0):
 garbage-first heap   total 384000K, used 138000K [0x0000000080000000, 0x0000000100000000)
  region size 1024K, 11 young (11264K), 11 survivors (11264K)
 Metaspace       used 97847K, capacity 100419K, committed 100556K, reserved 1136640K
  class space    used 12713K, capacity 13681K, committed 13772K, reserved 1048576K
}
Event: 19.229 GC heap before
{Heap before GC invocations=43 (full 0):
 garbage-first heap   total 384000K, used 324368K [0x0000000080000000, 0x0000000100000000)
  region size 1024K, 192 young (196608K), 11 survivors (11264K)
 Metaspace       used 98040K, capacity 100651K, committed 100812K, reserved 1136640K
  class space    used 12732K, capacity 13713K, committed 13772K, reserved 1048576K
}
Event: 19.244 GC heap after
{Heap after GC invocations=44 (full 0):
 garbage-first heap   total 384000K, used 141360K [0x0000000080000000, 0x0000000100000000)
  region size 1024K, 14 young (14336K), 14 survivors (14336K)
 Metaspace       used 98040K, capacity 100651K, committed 100812K, reserved 1136640K
  class space    used 12732K, capacity 13713K, committed 13772K, reserved 1048576K
}
Event: 19.545 GC heap before
{Heap before GC invocations=44 (full 0):
 garbage-first heap   total 384000K, used 324656K [0x0000000080000000, 0x0000000100000000)
  region size 1024K, 193 young (197632K), 14 survivors (14336K)
 Metaspace       used 98314K, capacity 100877K, committed 101068K, reserved 1136640K
  class space    used 12758K, capacity 13721K, committed 13772K, reserved 1048576K
}
Event: 19.559 GC heap after
{Heap after GC invocations=45 (full 0):
 garbage-first heap   total 384000K, used 141158K [0x0000000080000000, 0x0000000100000000)
  region size 1024K, 14 young (14336K), 14 survivors (14336K)
 Metaspace       used 98314K, capacity 100877K, committed 101068K, reserved 1136640K
  class space    used 12758K, capacity 13721K, committed 13772K, reserved 1048576K
}
Event: 19.839 GC heap before
{Heap before GC invocations=45 (full 0):
 garbage-first heap   total 384000K, used 325478K [0x0000000080000000, 0x0000000100000000)
  region size 1024K, 195 young (199680K), 14 survivors (14336K)
 Metaspace       used 98523K, capacity 101172K, committed 101452K, reserved 1136640K
  class space    used 12777K, capacity 13754K, committed 13900K, reserved 1048576K
}
Event: 19.855 GC heap after
{Heap after GC invocations=46 (full 0):
 garbage-first heap   total 452608K, used 141773K [0x0000000080000000, 0x0000000100000000)
  region size 1024K, 14 young (14336K), 14 survivors (14336K)
 Metaspace       used 98523K, capacity 101172K, committed 101452K, reserved 1136640K
  class space    used 12777K, capacity 13754K, committed 13900K, reserved 1048576K
}
Event: 20.240 GC heap before
{Heap before GC invocations=46 (full 0):
 garbage-first heap   total 452608K, used 381389K [0x0000000080000000, 0x0000000100000000)
  region size 1024K, 248 young (253952K), 14 survivors (14336K)
 Metaspace       used 98980K, capacity 101651K, committed 101964K, reserved 1136640K
  class space    used 12831K, capacity 13803K, committed 13900K, reserved 1048576K
}
Event: 20.261 GC heap after
{Heap after GC invocations=47 (full 0):
 garbage-first heap   total 452608K, used 148670K [0x0000000080000000, 0x0000000100000000)
  region size 1024K, 21 young (21504K), 21 survivors (21504K)
 Metaspace       used 98980K, capacity 101651K, committed 101964K, reserved 1136640K
  class space    used 12831K, capacity 13803K, committed 13900K, reserved 1048576K
}
Event: 20.682 GC heap before
{Heap before GC invocations=47 (full 0):
 garbage-first heap   total 452608K, used 384190K [0x0000000080000000, 0x0000000100000000)
  region size 1024K, 251 young (257024K), 21 survivors (21504K)
 Metaspace       used 99151K, capacity 101850K, committed 101964K, reserved 1136640K
  class space    used 12844K, capacity 13837K, committed 13900K, reserved 1048576K
}
Event: 20.704 GC heap after
{Heap after GC invocations=48 (full 0):
 garbage-first heap   total 452608K, used 150445K [0x0000000080000000, 0x0000000100000000)
  region size 1024K, 19 young (19456K), 19 survivors (19456K)
 Metaspace       used 99151K, capacity 101850K, committed 101964K, reserved 1136640K
  class space    used 12844K, capacity 13837K, committed 13900K, reserved 1048576K
}
Event: 21.163 GC heap before
{Heap before GC invocations=48 (full 0):
 garbage-first heap   total 452608K, used 383917K [0x0000000080000000, 0x0000000100000000)
  region size 1024K, 248 young (253952K), 19 survivors (19456K)
 Metaspace       used 99714K, capacity 102422K, committed 102604K, reserved 1138688K
  class space    used 12920K, capacity 13923K, committed 14028K, reserved 1048576K
}
Event: 21.179 GC heap after
{Heap after GC invocations=49 (full 0):
 garbage-first heap   total 452608K, used 149498K [0x0000000080000000, 0x0000000100000000)
  region size 1024K, 16 young (16384K), 16 survivors (16384K)
 Metaspace       used 99714K, capacity 102422K, committed 102604K, reserved 1138688K
  class space    used 12920K, capacity 13923K, committed 14028K, reserved 1048576K
}
Event: 21.530 GC heap before
{Heap before GC invocations=49 (full 0):
 garbage-first heap   total 452608K, used 385018K [0x0000000080000000, 0x0000000100000000)
  region size 1024K, 247 young (252928K), 16 survivors (16384K)
 Metaspace       used 99731K, capacity 102486K, committed 102604K, reserved 1138688K
  class space    used 12920K, capacity 13923K, committed 14028K, reserved 1048576K
}

