# JRE version: OpenJDK Runtime Environment (11.0.10) (build 11.0.10+0-b96-7249189)
# Java VM: OpenJDK 64-Bit Server VM (11.0.10+0-b96-7249189, mixed mode, tiered, compressed oops, g1 gc, windows-amd64)
Heap:
 garbage-first heap   total 380928K, used 193634K [0x0000000080000000, 0x0000000100000000)
  region size 1024K, 6 young (6144K), 6 survivors (6144K)
 Metaspace       used 135715K, capacity 139582K, committed 139764K, reserved 1171456K
  class space    used 16797K, capacity 18208K, committed 18252K, reserved 1048576K
GC Heap History (20 events):
Event: 1316.889 GC heap after
{Heap after GC invocations=113 (full 0):
 garbage-first heap   total 317440K, used 189749K [0x0000000080000000, 0x0000000100000000)
  region size 1024K, 2 young (2048K), 2 survivors (2048K)
 Metaspace       used 133333K, capacity 137067K, committed 137588K, reserved 1169408K
  class space    used 16569K, capacity 17915K, committed 18124K, reserved 1048576K
}
Event: 1316.959 GC heap before
{Heap before GC invocations=113 (full 0):
 garbage-first heap   total 317440K, used 203061K [0x0000000080000000, 0x0000000100000000)
  region size 1024K, 15 young (15360K), 2 survivors (2048K)
 Metaspace       used 133386K, capacity 137137K, committed 137588K, reserved 1169408K
  class space    used 16569K, capacity 17915K, committed 18124K, reserved 1048576K
}
Event: 1316.964 GC heap after
{Heap after GC invocations=114 (full 0):
 garbage-first heap   total 317440K, used 188419K [0x0000000080000000, 0x0000000100000000)
  region size 1024K, 1 young (1024K), 1 survivors (1024K)
 Metaspace       used 133386K, capacity 137137K, committed 137588K, reserved 1169408K
  class space    used 16569K, capacity 17915K, committed 18124K, reserved 1048576K
}
Event: 1317.219 GC heap before
{Heap before GC invocations=114 (full 0):
 garbage-first heap   total 317440K, used 249859K [0x0000000080000000, 0x0000000100000000)
  region size 1024K, 62 young (63488K), 1 survivors (1024K)
 Metaspace       used 133571K, capacity 137298K, committed 137844K, reserved 1169408K
  class space    used 16587K, capacity 17926K, committed 18124K, reserved 1048576K
}
Event: 1317.222 GC heap after
{Heap after GC invocations=115 (full 0):
 garbage-first heap   total 317440K, used 189195K [0x0000000080000000, 0x0000000100000000)
  region size 1024K, 2 young (2048K), 2 survivors (2048K)
 Metaspace       used 133571K, capacity 137298K, committed 137844K, reserved 1169408K
  class space    used 16587K, capacity 17926K, committed 18124K, reserved 1048576K
}
Event: 1317.456 GC heap before
{Heap before GC invocations=115 (full 0):
 garbage-first heap   total 317440K, used 252683K [0x0000000080000000, 0x0000000100000000)
  region size 1024K, 65 young (66560K), 2 survivors (2048K)
 Metaspace       used 133639K, capacity 137376K, committed 137844K, reserved 1169408K
  class space    used 16590K, capacity 17930K, committed 18124K, reserved 1048576K
}
Event: 1317.459 GC heap after
{Heap after GC invocations=116 (full 0):
 garbage-first heap   total 317440K, used 188861K [0x0000000080000000, 0x0000000100000000)
  region size 1024K, 2 young (2048K), 2 survivors (2048K)
 Metaspace       used 133639K, capacity 137376K, committed 137844K, reserved 1169408K
  class space    used 16590K, capacity 17930K, committed 18124K, reserved 1048576K
}
Event: 1317.698 GC heap before
{Heap before GC invocations=116 (full 0):
 garbage-first heap   total 317440K, used 257469K [0x0000000080000000, 0x0000000100000000)
  region size 1024K, 69 young (70656K), 2 survivors (2048K)
 Metaspace       used 133696K, capacity 137460K, committed 137844K, reserved 1169408K
  class space    used 16607K, capacity 17937K, committed 18124K, reserved 1048576K
}
Event: 1317.702 GC heap after
{Heap after GC invocations=117 (full 0):
 garbage-first heap   total 317440K, used 189181K [0x0000000080000000, 0x0000000100000000)
  region size 1024K, 2 young (2048K), 2 survivors (2048K)
 Metaspace       used 133696K, capacity 137460K, committed 137844K, reserved 1169408K
  class space    used 16607K, capacity 17937K, committed 18124K, reserved 1048576K
}
Event: 1317.967 GC heap before
{Heap before GC invocations=117 (full 0):
 garbage-first heap   total 317440K, used 260861K [0x0000000080000000, 0x0000000100000000)
  region size 1024K, 72 young (73728K), 2 survivors (2048K)
 Metaspace       used 134414K, capacity 138195K, committed 138356K, reserved 1169408K
  class space    used 16702K, capacity 18056K, committed 18124K, reserved 1048576K
}
Event: 1317.971 GC heap after
{Heap after GC invocations=118 (full 0):
 garbage-first heap   total 317440K, used 190071K [0x0000000080000000, 0x0000000100000000)
  region size 1024K, 3 young (3072K), 3 survivors (3072K)
 Metaspace       used 134414K, capacity 138195K, committed 138356K, reserved 1169408K
  class space    used 16702K, capacity 18056K, committed 18124K, reserved 1048576K
}
Event: 1318.237 GC heap before
{Heap before GC invocations=118 (full 0):
 garbage-first heap   total 317440K, used 262775K [0x0000000080000000, 0x0000000100000000)
  region size 1024K, 75 young (76800K), 3 survivors (3072K)
 Metaspace       used 134904K, capacity 138738K, committed 138996K, reserved 1169408K
  class space    used 16759K, capacity 18130K, committed 18252K, reserved 1048576K
}
Event: 1318.242 GC heap after
{Heap after GC invocations=119 (full 0):
 garbage-first heap   total 317440K, used 191058K [0x0000000080000000, 0x0000000100000000)
  region size 1024K, 4 young (4096K), 4 survivors (4096K)
 Metaspace       used 134904K, capacity 138738K, committed 138996K, reserved 1169408K
  class space    used 16759K, capacity 18130K, committed 18252K, reserved 1048576K
}
Event: 1318.492 GC heap before
{Heap before GC invocations=119 (full 0):
 garbage-first heap   total 317440K, used 265810K [0x0000000080000000, 0x0000000100000000)
  region size 1024K, 77 young (78848K), 4 survivors (4096K)
 Metaspace       used 135134K, capacity 139016K, committed 139252K, reserved 1171456K
  class space    used 16787K, capacity 18201K, committed 18252K, reserved 1048576K
}
Event: 1318.498 GC heap after
{Heap after GC invocations=120 (full 0):
 garbage-first heap   total 317440K, used 190485K [0x0000000080000000, 0x0000000100000000)
  region size 1024K, 3 young (3072K), 3 survivors (3072K)
 Metaspace       used 135134K, capacity 139016K, committed 139252K, reserved 1171456K
  class space    used 16787K, capacity 18201K, committed 18252K, reserved 1048576K
}
Event: 1318.747 GC heap before
{Heap before GC invocations=120 (full 0):
 garbage-first heap   total 317440K, used 269333K [0x0000000080000000, 0x0000000100000000)
  region size 1024K, 80 young (81920K), 3 survivors (3072K)
 Metaspace       used 135300K, capacity 139156K, committed 139252K, reserved 1171456K
  class space    used 16787K, capacity 18201K, committed 18252K, reserved 1048576K
}
Event: 1318.753 GC heap after
{Heap after GC invocations=121 (full 0):
 garbage-first heap   total 317440K, used 191282K [0x0000000080000000, 0x0000000100000000)
  region size 1024K, 4 young (4096K), 4 survivors (4096K)
 Metaspace       used 135300K, capacity 139156K, committed 139252K, reserved 1171456K
  class space    used 16787K, capacity 18201K, committed 18252K, reserved 1048576K
}
Event: 1318.946 GC heap before
{Heap before GC invocations=121 (full 0):
 garbage-first heap   total 317440K, used 271154K [0x0000000080000000, 0x0000000100000000)
  region size 1024K, 82 young (83968K), 4 survivors (4096K)
 Metaspace       used 135447K, capacity 139293K, committed 139508K, reserved 1171456K
  class space    used 16794K, capacity 18203K, committed 18252K, reserved 1048576K
}
Event: 1318.953 GC heap after
{Heap after GC invocations=122 (full 0):
 garbage-first heap   total 317440K, used 193444K [0x0000000080000000, 0x0000000100000000)
  region size 1024K, 6 young (6144K), 6 survivors (6144K)
 Metaspace       used 135447K, capacity 139293K, committed 139508K, reserved 1171456K
  class space    used 16794K, capacity 18203K, committed 18252K, reserved 1048576K
}
Event: 1319.164 GC heap before
{Heap before GC invocations=122 (full 0):
 garbage-first heap   total 317440K, used 271268K [0x0000000080000000, 0x0000000100000000)
  region size 1024K, 83 young (84992K), 6 survivors (6144K)
 Metaspace       used 135715K, capacity 139582K, committed 139764K, reserved 1171456K
  class space    used 16797K, capacity 18208K, committed 18252K, reserved 1048576K
}

