# JRE version: OpenJDK Runtime Environment (11.0.10) (build 11.0.10+0-b96-7249189)
# Java VM: OpenJDK 64-Bit Server VM (11.0.10+0-b96-7249189, mixed mode, tiered, compressed oops, g1 gc, windows-amd64)
Heap:
 garbage-first heap   total 126976K, used 47245K [0x0000000080000000, 0x0000000100000000)
  region size 1024K, 29 young (29696K), 4 survivors (4096K)
 Metaspace       used 36367K, capacity 37172K, committed 37248K, reserved 1081344K
  class space    used 4692K, capacity 4968K, committed 4992K, reserved 1048576K
GC Heap History (14 events):
Event: 1.047 GC heap before
{Heap before GC invocations=0 (full 0):
 garbage-first heap   total 126976K, used 29696K [0x0000000080000000, 0x0000000100000000)
  region size 1024K, 24 young (24576K), 0 survivors (0K)
 Metaspace       used 10197K, capacity 10425K, committed 10624K, reserved 1058816K
  class space    used 1064K, capacity 1139K, committed 1152K, reserved 1048576K
}
Event: 1.056 GC heap after
{Heap after GC invocations=1 (full 0):
 garbage-first heap   total 126976K, used 9252K [0x0000000080000000, 0x0000000100000000)
  region size 1024K, 3 young (3072K), 3 survivors (3072K)
 Metaspace       used 10197K, capacity 10425K, committed 10624K, reserved 1058816K
  class space    used 1064K, capacity 1139K, committed 1152K, reserved 1048576K
}
Event: 1.531 GC heap before
{Heap before GC invocations=1 (full 0):
 garbage-first heap   total 126976K, used 31780K [0x0000000080000000, 0x0000000100000000)
  region size 1024K, 25 young (25600K), 3 survivors (3072K)
 Metaspace       used 11100K, capacity 11378K, committed 11520K, reserved 1058816K
  class space    used 1164K, capacity 1243K, committed 1280K, reserved 1048576K
}
Event: 1.538 GC heap after
{Heap after GC invocations=2 (full 0):
 garbage-first heap   total 126976K, used 10288K [0x0000000080000000, 0x0000000100000000)
  region size 1024K, 1 young (1024K), 1 survivors (1024K)
 Metaspace       used 11100K, capacity 11378K, committed 11520K, reserved 1058816K
  class space    used 1164K, capacity 1243K, committed 1280K, reserved 1048576K
}
Event: 3.002 GC heap before
{Heap before GC invocations=2 (full 0):
 garbage-first heap   total 126976K, used 62512K [0x0000000080000000, 0x0000000100000000)
  region size 1024K, 52 young (53248K), 1 survivors (1024K)
 Metaspace       used 17690K, capacity 18156K, committed 18432K, reserved 1064960K
  class space    used 2088K, capacity 2238K, committed 2304K, reserved 1048576K
}
Event: 3.007 GC heap after
{Heap after GC invocations=3 (full 0):
 garbage-first heap   total 126976K, used 16677K [0x0000000080000000, 0x0000000100000000)
  region size 1024K, 7 young (7168K), 7 survivors (7168K)
 Metaspace       used 17690K, capacity 18156K, committed 18432K, reserved 1064960K
  class space    used 2088K, capacity 2238K, committed 2304K, reserved 1048576K
}
Event: 3.316 GC heap before
{Heap before GC invocations=3 (full 0):
 garbage-first heap   total 126976K, used 39205K [0x0000000080000000, 0x0000000100000000)
  region size 1024K, 30 young (30720K), 7 survivors (7168K)
 Metaspace       used 20538K, capacity 21092K, committed 21248K, reserved 1067008K
  class space    used 2504K, capacity 2690K, committed 2816K, reserved 1048576K
}
Event: 3.324 GC heap after
{Heap after GC invocations=4 (full 0):
 garbage-first heap   total 126976K, used 17171K [0x0000000080000000, 0x0000000100000000)
  region size 1024K, 1 young (1024K), 1 survivors (1024K)
 Metaspace       used 20538K, capacity 21092K, committed 21248K, reserved 1067008K
  class space    used 2504K, capacity 2690K, committed 2816K, reserved 1048576K
}
Event: 4.162 GC heap before
{Heap before GC invocations=5 (full 0):
 garbage-first heap   total 126976K, used 67347K [0x0000000080000000, 0x0000000100000000)
  region size 1024K, 51 young (52224K), 1 survivors (1024K)
 Metaspace       used 25756K, capacity 26488K, committed 26752K, reserved 1073152K
  class space    used 3368K, capacity 3600K, committed 3712K, reserved 1048576K
}
Event: 4.165 GC heap after
{Heap after GC invocations=6 (full 0):
 garbage-first heap   total 126976K, used 18803K [0x0000000080000000, 0x0000000100000000)
  region size 1024K, 3 young (3072K), 3 survivors (3072K)
 Metaspace       used 25756K, capacity 26488K, committed 26752K, reserved 1073152K
  class space    used 3368K, capacity 3600K, committed 3712K, reserved 1048576K
}
Event: 5.222 GC heap before
{Heap before GC invocations=6 (full 0):
 garbage-first heap   total 126976K, used 73075K [0x0000000080000000, 0x0000000100000000)
  region size 1024K, 56 young (57344K), 3 survivors (3072K)
 Metaspace       used 33776K, capacity 34550K, committed 34688K, reserved 1079296K
  class space    used 4391K, capacity 4672K, committed 4736K, reserved 1048576K
}
Event: 5.227 GC heap after
{Heap after GC invocations=7 (full 0):
 garbage-first heap   total 126976K, used 21866K [0x0000000080000000, 0x0000000100000000)
  region size 1024K, 6 young (6144K), 6 survivors (6144K)
 Metaspace       used 33776K, capacity 34550K, committed 34688K, reserved 1079296K
  class space    used 4391K, capacity 4672K, committed 4736K, reserved 1048576K
}
Event: 5.411 GC heap before
{Heap before GC invocations=7 (full 0):
 garbage-first heap   total 126976K, used 28010K [0x0000000080000000, 0x0000000100000000)
  region size 1024K, 13 young (13312K), 6 survivors (6144K)
 Metaspace       used 35005K, capacity 35794K, committed 35840K, reserved 1081344K
  class space    used 4537K, capacity 4832K, committed 4864K, reserved 1048576K
}
Event: 5.421 GC heap after
{Heap after GC invocations=8 (full 0):
 garbage-first heap   total 126976K, used 22669K [0x0000000080000000, 0x0000000100000000)
  region size 1024K, 4 young (4096K), 4 survivors (4096K)
 Metaspace       used 35005K, capacity 35794K, committed 35840K, reserved 1081344K
  class space    used 4537K, capacity 4832K, committed 4864K, reserved 1048576K
}

