# JRE version: OpenJDK Runtime Environment (11.0.10) (build 11.0.10+0-b96-7249189)
# Java VM: OpenJDK 64-Bit Server VM (11.0.10+0-b96-7249189, mixed mode, tiered, compressed oops, g1 gc, windows-amd64)
Heap:
 garbage-first heap   total 487424K, used 155994K [0x0000000080000000, 0x0000000100000000)
  region size 1024K, 9 young (9216K), 9 survivors (9216K)
 Metaspace       used 94375K, capacity 96937K, committed 97280K, reserved 1132544K
  class space    used 12253K, capacity 13213K, committed 13312K, reserved 1048576K
GC Heap History (20 events):
Event: 19.018 GC heap after
{Heap after GC invocations=49 (full 0):
 garbage-first heap   total 317440K, used 149038K [0x0000000080000000, 0x0000000100000000)
  region size 1024K, 2 young (2048K), 2 survivors (2048K)
 Metaspace       used 93213K, capacity 95636K, committed 96256K, reserved 1132544K
  class space    used 12120K, capacity 13021K, committed 13312K, reserved 1048576K
}
Event: 19.210 GC heap before
{Heap before GC invocations=49 (full 0):
 garbage-first heap   total 317440K, used 269870K [0x0000000080000000, 0x0000000100000000)
  region size 1024K, 121 young (123904K), 2 survivors (2048K)
 Metaspace       used 93269K, capacity 95712K, committed 96256K, reserved 1132544K
  class space    used 12122K, capacity 13025K, committed 13312K, reserved 1048576K
}
Event: 19.214 GC heap after
{Heap after GC invocations=50 (full 0):
 garbage-first heap   total 317440K, used 150050K [0x0000000080000000, 0x0000000100000000)
  region size 1024K, 3 young (3072K), 3 survivors (3072K)
 Metaspace       used 93269K, capacity 95712K, committed 96256K, reserved 1132544K
  class space    used 12122K, capacity 13025K, committed 13312K, reserved 1048576K
}
Event: 19.423 GC heap before
{Heap before GC invocations=50 (full 0):
 garbage-first heap   total 317440K, used 271906K [0x0000000080000000, 0x0000000100000000)
  region size 1024K, 122 young (124928K), 3 survivors (3072K)
 Metaspace       used 93325K, capacity 95712K, committed 96256K, reserved 1132544K
  class space    used 12122K, capacity 13025K, committed 13312K, reserved 1048576K
}
Event: 19.431 GC heap after
{Heap after GC invocations=51 (full 0):
 garbage-first heap   total 317440K, used 150073K [0x0000000080000000, 0x0000000100000000)
  region size 1024K, 3 young (3072K), 3 survivors (3072K)
 Metaspace       used 93325K, capacity 95712K, committed 96256K, reserved 1132544K
  class space    used 12122K, capacity 13025K, committed 13312K, reserved 1048576K
}
Event: 19.618 GC heap before
{Heap before GC invocations=51 (full 0):
 garbage-first heap   total 317440K, used 272953K [0x0000000080000000, 0x0000000100000000)
  region size 1024K, 123 young (125952K), 3 survivors (3072K)
 Metaspace       used 93338K, capacity 95712K, committed 96256K, reserved 1132544K
  class space    used 12122K, capacity 13025K, committed 13312K, reserved 1048576K
}
Event: 19.623 GC heap after
{Heap after GC invocations=52 (full 0):
 garbage-first heap   total 317440K, used 150577K [0x0000000080000000, 0x0000000100000000)
  region size 1024K, 4 young (4096K), 4 survivors (4096K)
 Metaspace       used 93338K, capacity 95712K, committed 96256K, reserved 1132544K
  class space    used 12122K, capacity 13025K, committed 13312K, reserved 1048576K
}
Event: 19.838 GC heap before
{Heap before GC invocations=52 (full 0):
 garbage-first heap   total 317440K, used 273457K [0x0000000080000000, 0x0000000100000000)
  region size 1024K, 124 young (126976K), 4 survivors (4096K)
 Metaspace       used 93339K, capacity 95776K, committed 96256K, reserved 1132544K
  class space    used 12122K, capacity 13025K, committed 13312K, reserved 1048576K
}
Event: 19.845 GC heap after
{Heap after GC invocations=53 (full 0):
 garbage-first heap   total 317440K, used 151050K [0x0000000080000000, 0x0000000100000000)
  region size 1024K, 4 young (4096K), 4 survivors (4096K)
 Metaspace       used 93339K, capacity 95776K, committed 96256K, reserved 1132544K
  class space    used 12122K, capacity 13025K, committed 13312K, reserved 1048576K
}
Event: 20.019 GC heap before
{Heap before GC invocations=53 (full 0):
 garbage-first heap   total 317440K, used 274954K [0x0000000080000000, 0x0000000100000000)
  region size 1024K, 125 young (128000K), 4 survivors (4096K)
 Metaspace       used 93350K, capacity 95780K, committed 96256K, reserved 1132544K
  class space    used 12123K, capacity 13026K, committed 13312K, reserved 1048576K
}
Event: 20.028 GC heap after
{Heap after GC invocations=54 (full 0):
 garbage-first heap   total 317440K, used 151776K [0x0000000080000000, 0x0000000100000000)
  region size 1024K, 5 young (5120K), 5 survivors (5120K)
 Metaspace       used 93350K, capacity 95780K, committed 96256K, reserved 1132544K
  class space    used 12123K, capacity 13026K, committed 13312K, reserved 1048576K
}
Event: 20.215 GC heap before
{Heap before GC invocations=54 (full 0):
 garbage-first heap   total 317440K, used 275680K [0x0000000080000000, 0x0000000100000000)
  region size 1024K, 126 young (129024K), 5 survivors (5120K)
 Metaspace       used 93355K, capacity 95780K, committed 96256K, reserved 1132544K
  class space    used 12123K, capacity 13026K, committed 13312K, reserved 1048576K
}
Event: 20.227 GC heap after
{Heap after GC invocations=55 (full 0):
 garbage-first heap   total 380928K, used 152377K [0x0000000080000000, 0x0000000100000000)
  region size 1024K, 5 young (5120K), 5 survivors (5120K)
 Metaspace       used 93355K, capacity 95780K, committed 96256K, reserved 1132544K
  class space    used 12123K, capacity 13026K, committed 13312K, reserved 1048576K
}
Event: 20.458 GC heap before
{Heap before GC invocations=55 (full 0):
 garbage-first heap   total 380928K, used 301881K [0x0000000080000000, 0x0000000100000000)
  region size 1024K, 151 young (154624K), 5 survivors (5120K)
 Metaspace       used 93360K, capacity 95780K, committed 96256K, reserved 1132544K
  class space    used 12123K, capacity 13026K, committed 13312K, reserved 1048576K
}
Event: 20.468 GC heap after
{Heap after GC invocations=56 (full 0):
 garbage-first heap   total 380928K, used 153183K [0x0000000080000000, 0x0000000100000000)
  region size 1024K, 6 young (6144K), 6 survivors (6144K)
 Metaspace       used 93360K, capacity 95780K, committed 96256K, reserved 1132544K
  class space    used 12123K, capacity 13026K, committed 13312K, reserved 1048576K
}
Event: 20.729 GC heap before
{Heap before GC invocations=56 (full 0):
 garbage-first heap   total 380928K, used 311903K [0x0000000080000000, 0x0000000100000000)
  region size 1024K, 161 young (164864K), 6 survivors (6144K)
 Metaspace       used 93367K, capacity 95781K, committed 96256K, reserved 1132544K
  class space    used 12123K, capacity 13026K, committed 13312K, reserved 1048576K
}
Event: 20.739 GC heap after
{Heap after GC invocations=57 (full 0):
 garbage-first heap   total 380928K, used 153918K [0x0000000080000000, 0x0000000100000000)
  region size 1024K, 7 young (7168K), 7 survivors (7168K)
 Metaspace       used 93367K, capacity 95781K, committed 96256K, reserved 1132544K
  class space    used 12123K, capacity 13026K, committed 13312K, reserved 1048576K
}
Event: 21.019 GC heap before
{Heap before GC invocations=57 (full 0):
 garbage-first heap   total 380928K, used 326974K [0x0000000080000000, 0x0000000100000000)
  region size 1024K, 176 young (180224K), 7 survivors (7168K)
 Metaspace       used 93370K, capacity 95781K, committed 96256K, reserved 1132544K
  class space    used 12123K, capacity 13026K, committed 13312K, reserved 1048576K
}
Event: 21.030 GC heap after
{Heap after GC invocations=58 (full 0):
 garbage-first heap   total 380928K, used 154425K [0x0000000080000000, 0x0000000100000000)
  region size 1024K, 7 young (7168K), 7 survivors (7168K)
 Metaspace       used 93370K, capacity 95781K, committed 96256K, reserved 1132544K
  class space    used 12123K, capacity 13026K, committed 13312K, reserved 1048576K
}
Event: 21.364 GC heap before
{Heap before GC invocations=58 (full 0):
 garbage-first heap   total 380928K, used 334649K [0x0000000080000000, 0x0000000100000000)
  region size 1024K, 183 young (187392K), 7 survivors (7168K)
 Metaspace       used 94375K, capacity 96937K, committed 97280K, reserved 1132544K
  class space    used 12253K, capacity 13213K, committed 13312K, reserved 1048576K
}

